[2017-10-23 12:27:42] local.ERROR: exception 'Exception' with message 'The bootstrap/cache directory must be present and writable.' in /var/www/html/safecoin/vendor/illuminate/Foundation/ProviderRepository.php:190
Stack trace:
#0 /var/www/html/safecoin/vendor/illuminate/Foundation/ProviderRepository.php(165): Illuminate\Foundation\ProviderRepository->writeManifest(Array)
#1 /var/www/html/safecoin/vendor/illuminate/Foundation/ProviderRepository.php(61): Illuminate\Foundation\ProviderRepository->compileManifest(Array)
#2 /var/www/html/safecoin/vendor/illuminate/Foundation/Application.php(549): Illuminate\Foundation\ProviderRepository->load(Array)
#3 /var/www/html/safecoin/vendor/illuminate/Foundation/Bootstrap/RegisterProviders.php(17): Illuminate\Foundation\Application->registerConfiguredProviders()
#4 /var/www/html/safecoin/vendor/illuminate/Foundation/Application.php(208): Illuminate\Foundation\Bootstrap\RegisterProviders->bootstrap(Object(Illuminate\Foundation\Application))
#5 /var/www/html/safecoin/vendor/illuminate/Foundation/Http/Kernel.php(162): Illuminate\Foundation\Application->bootstrapWith(Array)
#6 /var/www/html/safecoin/vendor/illuminate/Foundation/Http/Kernel.php(146): Illuminate\Foundation\Http\Kernel->bootstrap()
#7 /var/www/html/safecoin/vendor/illuminate/Foundation/Http/Kernel.php(116): Illuminate\Foundation\Http\Kernel->sendRequestThroughRouter(Object(Illuminate\Http\Request))
#8 /var/www/html/safecoin/test.php(132): Illuminate\Foundation\Http\Kernel->handle(Object(Illuminate\Http\Request))
#9 {main}  
[2017-10-23 12:28:38] local.ERROR: exception 'Exception' with message 'The bootstrap/cache directory must be present and writable.' in /var/www/html/safecoin/vendor/illuminate/Foundation/ProviderRepository.php:190
Stack trace:
#0 /var/www/html/safecoin/vendor/illuminate/Foundation/ProviderRepository.php(165): Illuminate\Foundation\ProviderRepository->writeManifest(Array)
#1 /var/www/html/safecoin/vendor/illuminate/Foundation/ProviderRepository.php(61): Illuminate\Foundation\ProviderRepository->compileManifest(Array)
#2 /var/www/html/safecoin/vendor/illuminate/Foundation/Application.php(549): Illuminate\Foundation\ProviderRepository->load(Array)
#3 /var/www/html/safecoin/vendor/illuminate/Foundation/Bootstrap/RegisterProviders.php(17): Illuminate\Foundation\Application->registerConfiguredProviders()
#4 /var/www/html/safecoin/vendor/illuminate/Foundation/Application.php(208): Illuminate\Foundation\Bootstrap\RegisterProviders->bootstrap(Object(Illuminate\Foundation\Application))
#5 /var/www/html/safecoin/vendor/illuminate/Foundation/Http/Kernel.php(162): Illuminate\Foundation\Application->bootstrapWith(Array)
#6 /var/www/html/safecoin/vendor/illuminate/Foundation/Http/Kernel.php(146): Illuminate\Foundation\Http\Kernel->bootstrap()
#7 /var/www/html/safecoin/vendor/illuminate/Foundation/Http/Kernel.php(116): Illuminate\Foundation\Http\Kernel->sendRequestThroughRouter(Object(Illuminate\Http\Request))
#8 /var/www/html/safecoin/test.php(134): Illuminate\Foundation\Http\Kernel->handle(Object(Illuminate\Http\Request))
#9 {main}  
[2017-10-23 12:29:07] local.ERROR: exception 'Exception' with message 'The bootstrap/cache directory must be present and writable.' in /var/www/html/safecoin/vendor/illuminate/Foundation/ProviderRepository.php:190
Stack trace:
#0 /var/www/html/safecoin/vendor/illuminate/Foundation/ProviderRepository.php(165): Illuminate\Foundation\ProviderRepository->writeManifest(Array)
#1 /var/www/html/safecoin/vendor/illuminate/Foundation/ProviderRepository.php(61): Illuminate\Foundation\ProviderRepository->compileManifest(Array)
#2 /var/www/html/safecoin/vendor/illuminate/Foundation/Application.php(549): Illuminate\Foundation\ProviderRepository->load(Array)
#3 /var/www/html/safecoin/vendor/illuminate/Foundation/Bootstrap/RegisterProviders.php(17): Illuminate\Foundation\Application->registerConfiguredProviders()
#4 /var/www/html/safecoin/vendor/illuminate/Foundation/Application.php(208): Illuminate\Foundation\Bootstrap\RegisterProviders->bootstrap(Object(Illuminate\Foundation\Application))
#5 /var/www/html/safecoin/vendor/illuminate/Foundation/Http/Kernel.php(162): Illuminate\Foundation\Application->bootstrapWith(Array)
#6 /var/www/html/safecoin/vendor/illuminate/Foundation/Http/Kernel.php(146): Illuminate\Foundation\Http\Kernel->bootstrap()
#7 /var/www/html/safecoin/vendor/illuminate/Foundation/Http/Kernel.php(116): Illuminate\Foundation\Http\Kernel->sendRequestThroughRouter(Object(Illuminate\Http\Request))
#8 /var/www/html/safecoin/test.php(134): Illuminate\Foundation\Http\Kernel->handle(Object(Illuminate\Http\Request))
#9 {main}  
[2017-10-23 12:30:22] local.ERROR: exception 'ErrorException' with message 'array_merge(): Argument #2 is not an array' in /var/www/html/safecoin/vendor/illuminate/Foundation/ProviderRepository.php:95
Stack trace:
#0 [internal function]: Illuminate\Foundation\Bootstrap\HandleExceptions->handleError(2, 'array_merge(): ...', '/var/www/html/s...', 95, Array)
#1 /var/www/html/safecoin/vendor/illuminate/Foundation/ProviderRepository.php(95): array_merge(Array, 1)
#2 /var/www/html/safecoin/vendor/illuminate/Foundation/ProviderRepository.php(55): Illuminate\Foundation\ProviderRepository->loadManifest()
#3 /var/www/html/safecoin/vendor/illuminate/Foundation/Application.php(549): Illuminate\Foundation\ProviderRepository->load(Array)
#4 /var/www/html/safecoin/vendor/illuminate/Foundation/Bootstrap/RegisterProviders.php(17): Illuminate\Foundation\Application->registerConfiguredProviders()
#5 /var/www/html/safecoin/vendor/illuminate/Foundation/Application.php(208): Illuminate\Foundation\Bootstrap\RegisterProviders->bootstrap(Object(Illuminate\Foundation\Application))
#6 /var/www/html/safecoin/vendor/illuminate/Foundation/Http/Kernel.php(162): Illuminate\Foundation\Application->bootstrapWith(Array)
#7 /var/www/html/safecoin/vendor/illuminate/Foundation/Http/Kernel.php(146): Illuminate\Foundation\Http\Kernel->bootstrap()
#8 /var/www/html/safecoin/vendor/illuminate/Foundation/Http/Kernel.php(116): Illuminate\Foundation\Http\Kernel->sendRequestThroughRouter(Object(Illuminate\Http\Request))
#9 /var/www/html/safecoin/test.php(134): Illuminate\Foundation\Http\Kernel->handle(Object(Illuminate\Http\Request))
#10 {main}  
[2017-10-23 12:30:35] local.ERROR: exception 'ErrorException' with message 'array_merge(): Argument #2 is not an array' in /var/www/html/safecoin/vendor/illuminate/Foundation/ProviderRepository.php:95
Stack trace:
#0 [internal function]: Illuminate\Foundation\Bootstrap\HandleExceptions->handleError(2, 'array_merge(): ...', '/var/www/html/s...', 95, Array)
#1 /var/www/html/safecoin/vendor/illuminate/Foundation/ProviderRepository.php(95): array_merge(Array, 1)
#2 /var/www/html/safecoin/vendor/illuminate/Foundation/ProviderRepository.php(55): Illuminate\Foundation\ProviderRepository->loadManifest()
#3 /var/www/html/safecoin/vendor/illuminate/Foundation/Application.php(549): Illuminate\Foundation\ProviderRepository->load(Array)
#4 /var/www/html/safecoin/vendor/illuminate/Foundation/Bootstrap/RegisterProviders.php(17): Illuminate\Foundation\Application->registerConfiguredProviders()
#5 /var/www/html/safecoin/vendor/illuminate/Foundation/Application.php(208): Illuminate\Foundation\Bootstrap\RegisterProviders->bootstrap(Object(Illuminate\Foundation\Application))
#6 /var/www/html/safecoin/vendor/illuminate/Foundation/Http/Kernel.php(162): Illuminate\Foundation\Application->bootstrapWith(Array)
#7 /var/www/html/safecoin/vendor/illuminate/Foundation/Http/Kernel.php(146): Illuminate\Foundation\Http\Kernel->bootstrap()
#8 /var/www/html/safecoin/vendor/illuminate/Foundation/Http/Kernel.php(116): Illuminate\Foundation\Http\Kernel->sendRequestThroughRouter(Object(Illuminate\Http\Request))
#9 /var/www/html/safecoin/test.php(134): Illuminate\Foundation\Http\Kernel->handle(Object(Illuminate\Http\Request))
#10 {main}  
[2017-10-23 12:30:39] local.ERROR: exception 'ErrorException' with message 'array_merge(): Argument #2 is not an array' in /var/www/html/safecoin/vendor/illuminate/Foundation/ProviderRepository.php:95
Stack trace:
#0 [internal function]: Illuminate\Foundation\Bootstrap\HandleExceptions->handleError(2, 'array_merge(): ...', '/var/www/html/s...', 95, Array)
#1 /var/www/html/safecoin/vendor/illuminate/Foundation/ProviderRepository.php(95): array_merge(Array, 1)
#2 /var/www/html/safecoin/vendor/illuminate/Foundation/ProviderRepository.php(55): Illuminate\Foundation\ProviderRepository->loadManifest()
#3 /var/www/html/safecoin/vendor/illuminate/Foundation/Application.php(549): Illuminate\Foundation\ProviderRepository->load(Array)
#4 /var/www/html/safecoin/vendor/illuminate/Foundation/Bootstrap/RegisterProviders.php(17): Illuminate\Foundation\Application->registerConfiguredProviders()
#5 /var/www/html/safecoin/vendor/illuminate/Foundation/Application.php(208): Illuminate\Foundation\Bootstrap\RegisterProviders->bootstrap(Object(Illuminate\Foundation\Application))
#6 /var/www/html/safecoin/vendor/illuminate/Foundation/Http/Kernel.php(162): Illuminate\Foundation\Application->bootstrapWith(Array)
#7 /var/www/html/safecoin/vendor/illuminate/Foundation/Http/Kernel.php(146): Illuminate\Foundation\Http\Kernel->bootstrap()
#8 /var/www/html/safecoin/vendor/illuminate/Foundation/Http/Kernel.php(116): Illuminate\Foundation\Http\Kernel->sendRequestThroughRouter(Object(Illuminate\Http\Request))
#9 /var/www/html/safecoin/test.php(134): Illuminate\Foundation\Http\Kernel->handle(Object(Illuminate\Http\Request))
#10 {main}  
[2017-10-23 12:32:21] local.ERROR: exception 'ErrorException' with message 'array_merge(): Argument #2 is not an array' in /var/www/html/safecoin/vendor/illuminate/Foundation/ProviderRepository.php:95
Stack trace:
#0 [internal function]: Illuminate\Foundation\Bootstrap\HandleExceptions->handleError(2, 'array_merge(): ...', '/var/www/html/s...', 95, Array)
#1 /var/www/html/safecoin/vendor/illuminate/Foundation/ProviderRepository.php(95): array_merge(Array, 1)
#2 /var/www/html/safecoin/vendor/illuminate/Foundation/ProviderRepository.php(55): Illuminate\Foundation\ProviderRepository->loadManifest()
#3 /var/www/html/safecoin/vendor/illuminate/Foundation/Application.php(549): Illuminate\Foundation\ProviderRepository->load(Array)
#4 /var/www/html/safecoin/vendor/illuminate/Foundation/Bootstrap/RegisterProviders.php(17): Illuminate\Foundation\Application->registerConfiguredProviders()
#5 /var/www/html/safecoin/vendor/illuminate/Foundation/Application.php(208): Illuminate\Foundation\Bootstrap\RegisterProviders->bootstrap(Object(Illuminate\Foundation\Application))
#6 /var/www/html/safecoin/vendor/illuminate/Foundation/Http/Kernel.php(162): Illuminate\Foundation\Application->bootstrapWith(Array)
#7 /var/www/html/safecoin/vendor/illuminate/Foundation/Http/Kernel.php(146): Illuminate\Foundation\Http\Kernel->bootstrap()
#8 /var/www/html/safecoin/vendor/illuminate/Foundation/Http/Kernel.php(116): Illuminate\Foundation\Http\Kernel->sendRequestThroughRouter(Object(Illuminate\Http\Request))
#9 /var/www/html/safecoin/test.php(134): Illuminate\Foundation\Http\Kernel->handle(Object(Illuminate\Http\Request))
#10 {main}  
[2017-10-23 12:32:26] local.ERROR: exception 'ErrorException' with message 'array_merge(): Argument #2 is not an array' in /var/www/html/safecoin/vendor/illuminate/Foundation/ProviderRepository.php:95
Stack trace:
#0 [internal function]: Illuminate\Foundation\Bootstrap\HandleExceptions->handleError(2, 'array_merge(): ...', '/var/www/html/s...', 95, Array)
#1 /var/www/html/safecoin/vendor/illuminate/Foundation/ProviderRepository.php(95): array_merge(Array, 1)
#2 /var/www/html/safecoin/vendor/illuminate/Foundation/ProviderRepository.php(55): Illuminate\Foundation\ProviderRepository->loadManifest()
#3 /var/www/html/safecoin/vendor/illuminate/Foundation/Application.php(549): Illuminate\Foundation\ProviderRepository->load(Array)
#4 /var/www/html/safecoin/vendor/illuminate/Foundation/Bootstrap/RegisterProviders.php(17): Illuminate\Foundation\Application->registerConfiguredProviders()
#5 /var/www/html/safecoin/vendor/illuminate/Foundation/Application.php(208): Illuminate\Foundation\Bootstrap\RegisterProviders->bootstrap(Object(Illuminate\Foundation\Application))
#6 /var/www/html/safecoin/vendor/illuminate/Foundation/Http/Kernel.php(162): Illuminate\Foundation\Application->bootstrapWith(Array)
#7 /var/www/html/safecoin/vendor/illuminate/Foundation/Http/Kernel.php(146): Illuminate\Foundation\Http\Kernel->bootstrap()
#8 /var/www/html/safecoin/vendor/illuminate/Foundation/Http/Kernel.php(116): Illuminate\Foundation\Http\Kernel->sendRequestThroughRouter(Object(Illuminate\Http\Request))
#9 /var/www/html/safecoin/test.php(134): Illuminate\Foundation\Http\Kernel->handle(Object(Illuminate\Http\Request))
#10 {main}  
[2017-10-23 12:39:43] local.ERROR: exception 'Exception' with message 'The bootstrap/cache directory must be present and writable.' in /var/www/html/safecoin/vendor/illuminate/Foundation/ProviderRepository.php:190
Stack trace:
#0 /var/www/html/safecoin/vendor/illuminate/Foundation/ProviderRepository.php(165): Illuminate\Foundation\ProviderRepository->writeManifest(Array)
#1 /var/www/html/safecoin/vendor/illuminate/Foundation/ProviderRepository.php(61): Illuminate\Foundation\ProviderRepository->compileManifest(Array)
#2 /var/www/html/safecoin/vendor/illuminate/Foundation/Application.php(549): Illuminate\Foundation\ProviderRepository->load(Array)
#3 /var/www/html/safecoin/vendor/illuminate/Foundation/Bootstrap/RegisterProviders.php(17): Illuminate\Foundation\Application->registerConfiguredProviders()
#4 /var/www/html/safecoin/vendor/illuminate/Foundation/Application.php(208): Illuminate\Foundation\Bootstrap\RegisterProviders->bootstrap(Object(Illuminate\Foundation\Application))
#5 /var/www/html/safecoin/vendor/illuminate/Foundation/Http/Kernel.php(162): Illuminate\Foundation\Application->bootstrapWith(Array)
#6 /var/www/html/safecoin/vendor/illuminate/Foundation/Http/Kernel.php(146): Illuminate\Foundation\Http\Kernel->bootstrap()
#7 /var/www/html/safecoin/vendor/illuminate/Foundation/Http/Kernel.php(116): Illuminate\Foundation\Http\Kernel->sendRequestThroughRouter(Object(Illuminate\Http\Request))
#8 /var/www/html/safecoin/test.php(134): Illuminate\Foundation\Http\Kernel->handle(Object(Illuminate\Http\Request))
#9 {main}  
[2017-10-23 12:39:50] local.ERROR: exception 'Exception' with message 'The bootstrap/cache directory must be present and writable.' in /var/www/html/safecoin/vendor/illuminate/Foundation/ProviderRepository.php:190
Stack trace:
#0 /var/www/html/safecoin/vendor/illuminate/Foundation/ProviderRepository.php(165): Illuminate\Foundation\ProviderRepository->writeManifest(Array)
#1 /var/www/html/safecoin/vendor/illuminate/Foundation/ProviderRepository.php(61): Illuminate\Foundation\ProviderRepository->compileManifest(Array)
#2 /var/www/html/safecoin/vendor/illuminate/Foundation/Application.php(549): Illuminate\Foundation\ProviderRepository->load(Array)
#3 /var/www/html/safecoin/vendor/illuminate/Foundation/Bootstrap/RegisterProviders.php(17): Illuminate\Foundation\Application->registerConfiguredProviders()
#4 /var/www/html/safecoin/vendor/illuminate/Foundation/Application.php(208): Illuminate\Foundation\Bootstrap\RegisterProviders->bootstrap(Object(Illuminate\Foundation\Application))
#5 /var/www/html/safecoin/vendor/illuminate/Foundation/Http/Kernel.php(162): Illuminate\Foundation\Application->bootstrapWith(Array)
#6 /var/www/html/safecoin/vendor/illuminate/Foundation/Http/Kernel.php(146): Illuminate\Foundation\Http\Kernel->bootstrap()
#7 /var/www/html/safecoin/vendor/illuminate/Foundation/Http/Kernel.php(116): Illuminate\Foundation\Http\Kernel->sendRequestThroughRouter(Object(Illuminate\Http\Request))
#8 /var/www/html/safecoin/test.php(134): Illuminate\Foundation\Http\Kernel->handle(Object(Illuminate\Http\Request))
#9 {main}  
[2017-10-23 12:45:43] local.ERROR: exception 'Symfony\Component\Debug\Exception\FatalErrorException' with message 'Class 'Illuminate\Cookie\CookieServiceProvider' not found' in /var/www/html/safecoin/vendor/illuminate/Foundation/ProviderRepository.php:208
Stack trace:
#0 {main}  
[2017-10-23 12:57:39] local.ERROR: exception 'ErrorException' with message 'Use of undefined constant __DIR - assumed '__DIR'' in /var/www/html/safecoin/app/Providers/RouteServiceProvider.php:81
Stack trace:
#0 /var/www/html/safecoin/app/Providers/RouteServiceProvider.php(81): Illuminate\Foundation\Bootstrap\HandleExceptions->handleError(8, 'Use of undefine...', '/var/www/html/s...', 81, Array)
#1 /var/www/html/safecoin/app/Providers/RouteServiceProvider.php(38): App\Providers\RouteServiceProvider->mapApiRoutes()
#2 [internal function]: App\Providers\RouteServiceProvider->map()
#3 /var/www/html/safecoin/vendor/illuminate/container/BoundMethod.php(30): call_user_func_array(Array, Array)
#4 /var/www/html/safecoin/vendor/illuminate/container/BoundMethod.php(87): Illuminate\Container\BoundMethod::Illuminate\Container\{closure}()
#5 /var/www/html/safecoin/vendor/illuminate/container/BoundMethod.php(31): Illuminate\Container\BoundMethod::callBoundMethod(Object(Illuminate\Foundation\Application), Array, Object(Closure))
#6 /var/www/html/safecoin/vendor/illuminate/container/Container.php(539): Illuminate\Container\BoundMethod::call(Object(Illuminate\Foundation\Application), Array, Array, NULL)
#7 /var/www/html/safecoin/vendor/illuminate/Foundation/Support/Providers/RouteServiceProvider.php(74): Illuminate\Container\Container->call(Array)
#8 /var/www/html/safecoin/vendor/illuminate/Foundation/Support/Providers/RouteServiceProvider.php(33): Illuminate\Foundation\Support\Providers\RouteServiceProvider->loadRoutes()
#9 /var/www/html/safecoin/app/Providers/RouteServiceProvider.php(28): Illuminate\Foundation\Support\Providers\RouteServiceProvider->boot()
#10 [internal function]: App\Providers\RouteServiceProvider->boot()
#11 /var/www/html/safecoin/vendor/illuminate/container/BoundMethod.php(30): call_user_func_array(Array, Array)
#12 /var/www/html/safecoin/vendor/illuminate/container/BoundMethod.php(87): Illuminate\Container\BoundMethod::Illuminate\Container\{closure}()
#13 /var/www/html/safecoin/vendor/illuminate/container/BoundMethod.php(31): Illuminate\Container\BoundMethod::callBoundMethod(Object(Illuminate\Foundation\Application), Array, Object(Closure))
#14 /var/www/html/safecoin/vendor/illuminate/container/Container.php(539): Illuminate\Container\BoundMethod::call(Object(Illuminate\Foundation\Application), Array, Array, NULL)
#15 /var/www/html/safecoin/vendor/illuminate/Foundation/Application.php(788): Illuminate\Container\Container->call(Array)
#16 /var/www/html/safecoin/vendor/illuminate/Foundation/Application.php(771): Illuminate\Foundation\Application->bootProvider(Object(App\Providers\RouteServiceProvider))
#17 [internal function]: Illuminate\Foundation\Application->Illuminate\Foundation\{closure}(Object(App\Providers\RouteServiceProvider), 13)
#18 /var/www/html/safecoin/vendor/illuminate/Foundation/Application.php(772): array_walk(Array, Object(Closure))
#19 /var/www/html/safecoin/vendor/illuminate/Foundation/Bootstrap/BootProviders.php(17): Illuminate\Foundation\Application->boot()
#20 /var/www/html/safecoin/vendor/illuminate/Foundation/Application.php(208): Illuminate\Foundation\Bootstrap\BootProviders->bootstrap(Object(Illuminate\Foundation\Application))
#21 /var/www/html/safecoin/vendor/illuminate/Foundation/Http/Kernel.php(162): Illuminate\Foundation\Application->bootstrapWith(Array)
#22 /var/www/html/safecoin/vendor/illuminate/Foundation/Http/Kernel.php(146): Illuminate\Foundation\Http\Kernel->bootstrap()
#23 /var/www/html/safecoin/vendor/illuminate/Foundation/Http/Kernel.php(116): Illuminate\Foundation\Http\Kernel->sendRequestThroughRouter(Object(Illuminate\Http\Request))
#24 /var/www/html/safecoin/test.php(134): Illuminate\Foundation\Http\Kernel->handle(Object(Illuminate\Http\Request))
#25 {main}  
[2017-10-23 12:57:58] local.ERROR: exception 'Symfony\Component\HttpFoundation\Exception\SuspiciousOperationException' with message 'Invalid Host "http://10.107.4.8/safecoin/".' in /var/www/html/safecoin/vendor/symfony/http-foundation/Request.php:1281
Stack trace:
#0 /var/www/html/safecoin/vendor/symfony/http-foundation/Request.php(1089): Symfony\Component\HttpFoundation\Request->getHost()
#1 /var/www/html/safecoin/vendor/symfony/http-foundation/Request.php(1116): Symfony\Component\HttpFoundation\Request->getHttpHost()
#2 /var/www/html/safecoin/vendor/symfony/http-foundation/Request.php(1813): Symfony\Component\HttpFoundation\Request->getSchemeAndHttpHost()
#3 /var/www/html/safecoin/vendor/symfony/http-foundation/Request.php(1100): Symfony\Component\HttpFoundation\Request->prepareRequestUri()
#4 /var/www/html/safecoin/vendor/symfony/http-foundation/Request.php(1865): Symfony\Component\HttpFoundation\Request->getRequestUri()
#5 /var/www/html/safecoin/vendor/symfony/http-foundation/Request.php(983): Symfony\Component\HttpFoundation\Request->prepareBaseUrl()
#6 /var/www/html/safecoin/vendor/symfony/http-foundation/Request.php(1931): Symfony\Component\HttpFoundation\Request->getBaseUrl()
#7 /var/www/html/safecoin/vendor/symfony/http-foundation/Request.php(943): Symfony\Component\HttpFoundation\Request->preparePathInfo()
#8 /var/www/html/safecoin/vendor/illuminate/http/Request.php(138): Symfony\Component\HttpFoundation\Request->getPathInfo()
#9 /var/www/html/safecoin/vendor/illuminate/routing/Matching/UriValidator.php(19): Illuminate\Http\Request->path()
#10 /var/www/html/safecoin/vendor/illuminate/routing/Route.php(259): Illuminate\Routing\Matching\UriValidator->matches(Object(Illuminate\Routing\Route), Object(Illuminate\Http\Request))
#11 /var/www/html/safecoin/vendor/illuminate/routing/RouteCollection.php(193): Illuminate\Routing\Route->matches(Object(Illuminate\Http\Request), true)
#12 [internal function]: Illuminate\Routing\RouteCollection->Illuminate\Routing\{closure}(Object(Illuminate\Routing\Route), 'api/user/logout')
#13 /var/www/html/safecoin/vendor/illuminate/support/Arr.php(175): call_user_func(Object(Closure), Object(Illuminate\Routing\Route), 'api/user/logout')
#14 /var/www/html/safecoin/vendor/illuminate/routing/RouteCollection.php(194): Illuminate\Support\Arr::first(Array, Object(Closure))
#15 /var/www/html/safecoin/vendor/illuminate/routing/RouteCollection.php(164): Illuminate\Routing\RouteCollection->matchAgainstRoutes(Array, Object(Illuminate\Http\Request))
#16 /var/www/html/safecoin/vendor/illuminate/routing/Router.php(546): Illuminate\Routing\RouteCollection->match(Object(Illuminate\Http\Request))
#17 /var/www/html/safecoin/vendor/illuminate/routing/Router.php(525): Illuminate\Routing\Router->findRoute(Object(Illuminate\Http\Request))
#18 /var/www/html/safecoin/vendor/illuminate/routing/Router.php(511): Illuminate\Routing\Router->dispatchToRoute(Object(Illuminate\Http\Request))
#19 /var/www/html/safecoin/vendor/illuminate/Foundation/Http/Kernel.php(176): Illuminate\Routing\Router->dispatch(Object(Illuminate\Http\Request))
#20 /var/www/html/safecoin/vendor/illuminate/routing/Pipeline.php(30): Illuminate\Foundation\Http\Kernel->Illuminate\Foundation\Http\{closure}(Object(Illuminate\Http\Request))
#21 /var/www/html/safecoin/vendor/illuminate/Foundation/Http/Middleware/TransformsRequest.php(30): Illuminate\Routing\Pipeline->Illuminate\Routing\{closure}(Object(Illuminate\Http\Request))
#22 /var/www/html/safecoin/vendor/illuminate/pipeline/Pipeline.php(148): Illuminate\Foundation\Http\Middleware\TransformsRequest->handle(Object(Illuminate\Http\Request), Object(Closure))
#23 /var/www/html/safecoin/vendor/illuminate/routing/Pipeline.php(53): Illuminate\Pipeline\Pipeline->Illuminate\Pipeline\{closure}(Object(Illuminate\Http\Request))
#24 /var/www/html/safecoin/vendor/illuminate/Foundation/Http/Middleware/TransformsRequest.php(30): Illuminate\Routing\Pipeline->Illuminate\Routing\{closure}(Object(Illuminate\Http\Request))
#25 /var/www/html/safecoin/vendor/illuminate/pipeline/Pipeline.php(148): Illuminate\Foundation\Http\Middleware\TransformsRequest->handle(Object(Illuminate\Http\Request), Object(Closure))
#26 /var/www/html/safecoin/vendor/illuminate/routing/Pipeline.php(53): Illuminate\Pipeline\Pipeline->Illuminate\Pipeline\{closure}(Object(Illuminate\Http\Request))
#27 /var/www/html/safecoin/vendor/illuminate/Foundation/Http/Middleware/ValidatePostSize.php(27): Illuminate\Routing\Pipeline->Illuminate\Routing\{closure}(Object(Illuminate\Http\Request))
#28 /var/www/html/safecoin/vendor/illuminate/pipeline/Pipeline.php(148): Illuminate\Foundation\Http\Middleware\ValidatePostSize->handle(Object(Illuminate\Http\Request), Object(Closure))
#29 /var/www/html/safecoin/vendor/illuminate/routing/Pipeline.php(53): Illuminate\Pipeline\Pipeline->Illuminate\Pipeline\{closure}(Object(Illuminate\Http\Request))
#30 /var/www/html/safecoin/vendor/illuminate/Foundation/Http/Middleware/CheckForMaintenanceMode.php(46): Illuminate\Routing\Pipeline->Illuminate\Routing\{closure}(Object(Illuminate\Http\Request))
#31 /var/www/html/safecoin/vendor/illuminate/pipeline/Pipeline.php(148): Illuminate\Foundation\Http\Middleware\CheckForMaintenanceMode->handle(Object(Illuminate\Http\Request), Object(Closure))
#32 /var/www/html/safecoin/vendor/illuminate/routing/Pipeline.php(53): Illuminate\Pipeline\Pipeline->Illuminate\Pipeline\{closure}(Object(Illuminate\Http\Request))
#33 /var/www/html/safecoin/vendor/illuminate/pipeline/Pipeline.php(102): Illuminate\Routing\Pipeline->Illuminate\Routing\{closure}(Object(Illuminate\Http\Request))
#34 /var/www/html/safecoin/vendor/illuminate/Foundation/Http/Kernel.php(151): Illuminate\Pipeline\Pipeline->then(Object(Closure))
#35 /var/www/html/safecoin/vendor/illuminate/Foundation/Http/Kernel.php(116): Illuminate\Foundation\Http\Kernel->sendRequestThroughRouter(Object(Illuminate\Http\Request))
#36 /var/www/html/safecoin/test.php(134): Illuminate\Foundation\Http\Kernel->handle(Object(Illuminate\Http\Request))
#37 {main}  
[2017-10-23 12:58:32] local.ERROR: exception 'Symfony\Component\HttpFoundation\Exception\SuspiciousOperationException' with message 'Invalid Host "http://10.107.4.8/".' in /var/www/html/safecoin/vendor/symfony/http-foundation/Request.php:1281
Stack trace:
#0 /var/www/html/safecoin/vendor/symfony/http-foundation/Request.php(1089): Symfony\Component\HttpFoundation\Request->getHost()
#1 /var/www/html/safecoin/vendor/symfony/http-foundation/Request.php(1116): Symfony\Component\HttpFoundation\Request->getHttpHost()
#2 /var/www/html/safecoin/vendor/symfony/http-foundation/Request.php(1813): Symfony\Component\HttpFoundation\Request->getSchemeAndHttpHost()
#3 /var/www/html/safecoin/vendor/symfony/http-foundation/Request.php(1100): Symfony\Component\HttpFoundation\Request->prepareRequestUri()
#4 /var/www/html/safecoin/vendor/symfony/http-foundation/Request.php(1865): Symfony\Component\HttpFoundation\Request->getRequestUri()
#5 /var/www/html/safecoin/vendor/symfony/http-foundation/Request.php(983): Symfony\Component\HttpFoundation\Request->prepareBaseUrl()
#6 /var/www/html/safecoin/vendor/symfony/http-foundation/Request.php(1931): Symfony\Component\HttpFoundation\Request->getBaseUrl()
#7 /var/www/html/safecoin/vendor/symfony/http-foundation/Request.php(943): Symfony\Component\HttpFoundation\Request->preparePathInfo()
#8 /var/www/html/safecoin/vendor/illuminate/http/Request.php(138): Symfony\Component\HttpFoundation\Request->getPathInfo()
#9 /var/www/html/safecoin/vendor/illuminate/routing/Matching/UriValidator.php(19): Illuminate\Http\Request->path()
#10 /var/www/html/safecoin/vendor/illuminate/routing/Route.php(259): Illuminate\Routing\Matching\UriValidator->matches(Object(Illuminate\Routing\Route), Object(Illuminate\Http\Request))
#11 /var/www/html/safecoin/vendor/illuminate/routing/RouteCollection.php(193): Illuminate\Routing\Route->matches(Object(Illuminate\Http\Request), true)
#12 [internal function]: Illuminate\Routing\RouteCollection->Illuminate\Routing\{closure}(Object(Illuminate\Routing\Route), 'api/user/logout')
#13 /var/www/html/safecoin/vendor/illuminate/support/Arr.php(175): call_user_func(Object(Closure), Object(Illuminate\Routing\Route), 'api/user/logout')
#14 /var/www/html/safecoin/vendor/illuminate/routing/RouteCollection.php(194): Illuminate\Support\Arr::first(Array, Object(Closure))
#15 /var/www/html/safecoin/vendor/illuminate/routing/RouteCollection.php(164): Illuminate\Routing\RouteCollection->matchAgainstRoutes(Array, Object(Illuminate\Http\Request))
#16 /var/www/html/safecoin/vendor/illuminate/routing/Router.php(546): Illuminate\Routing\RouteCollection->match(Object(Illuminate\Http\Request))
#17 /var/www/html/safecoin/vendor/illuminate/routing/Router.php(525): Illuminate\Routing\Router->findRoute(Object(Illuminate\Http\Request))
#18 /var/www/html/safecoin/vendor/illuminate/routing/Router.php(511): Illuminate\Routing\Router->dispatchToRoute(Object(Illuminate\Http\Request))
#19 /var/www/html/safecoin/vendor/illuminate/Foundation/Http/Kernel.php(176): Illuminate\Routing\Router->dispatch(Object(Illuminate\Http\Request))
#20 /var/www/html/safecoin/vendor/illuminate/routing/Pipeline.php(30): Illuminate\Foundation\Http\Kernel->Illuminate\Foundation\Http\{closure}(Object(Illuminate\Http\Request))
#21 /var/www/html/safecoin/vendor/illuminate/Foundation/Http/Middleware/TransformsRequest.php(30): Illuminate\Routing\Pipeline->Illuminate\Routing\{closure}(Object(Illuminate\Http\Request))
#22 /var/www/html/safecoin/vendor/illuminate/pipeline/Pipeline.php(148): Illuminate\Foundation\Http\Middleware\TransformsRequest->handle(Object(Illuminate\Http\Request), Object(Closure))
#23 /var/www/html/safecoin/vendor/illuminate/routing/Pipeline.php(53): Illuminate\Pipeline\Pipeline->Illuminate\Pipeline\{closure}(Object(Illuminate\Http\Request))
#24 /var/www/html/safecoin/vendor/illuminate/Foundation/Http/Middleware/TransformsRequest.php(30): Illuminate\Routing\Pipeline->Illuminate\Routing\{closure}(Object(Illuminate\Http\Request))
#25 /var/www/html/safecoin/vendor/illuminate/pipeline/Pipeline.php(148): Illuminate\Foundation\Http\Middleware\TransformsRequest->handle(Object(Illuminate\Http\Request), Object(Closure))
#26 /var/www/html/safecoin/vendor/illuminate/routing/Pipeline.php(53): Illuminate\Pipeline\Pipeline->Illuminate\Pipeline\{closure}(Object(Illuminate\Http\Request))
#27 /var/www/html/safecoin/vendor/illuminate/Foundation/Http/Middleware/ValidatePostSize.php(27): Illuminate\Routing\Pipeline->Illuminate\Routing\{closure}(Object(Illuminate\Http\Request))
#28 /var/www/html/safecoin/vendor/illuminate/pipeline/Pipeline.php(148): Illuminate\Foundation\Http\Middleware\ValidatePostSize->handle(Object(Illuminate\Http\Request), Object(Closure))
#29 /var/www/html/safecoin/vendor/illuminate/routing/Pipeline.php(53): Illuminate\Pipeline\Pipeline->Illuminate\Pipeline\{closure}(Object(Illuminate\Http\Request))
#30 /var/www/html/safecoin/vendor/illuminate/Foundation/Http/Middleware/CheckForMaintenanceMode.php(46): Illuminate\Routing\Pipeline->Illuminate\Routing\{closure}(Object(Illuminate\Http\Request))
#31 /var/www/html/safecoin/vendor/illuminate/pipeline/Pipeline.php(148): Illuminate\Foundation\Http\Middleware\CheckForMaintenanceMode->handle(Object(Illuminate\Http\Request), Object(Closure))
#32 /var/www/html/safecoin/vendor/illuminate/routing/Pipeline.php(53): Illuminate\Pipeline\Pipeline->Illuminate\Pipeline\{closure}(Object(Illuminate\Http\Request))
#33 /var/www/html/safecoin/vendor/illuminate/pipeline/Pipeline.php(102): Illuminate\Routing\Pipeline->Illuminate\Routing\{closure}(Object(Illuminate\Http\Request))
#34 /var/www/html/safecoin/vendor/illuminate/Foundation/Http/Kernel.php(151): Illuminate\Pipeline\Pipeline->then(Object(Closure))
#35 /var/www/html/safecoin/vendor/illuminate/Foundation/Http/Kernel.php(116): Illuminate\Foundation\Http\Kernel->sendRequestThroughRouter(Object(Illuminate\Http\Request))
#36 /var/www/html/safecoin/test.php(134): Illuminate\Foundation\Http\Kernel->handle(Object(Illuminate\Http\Request))
#37 {main}  
[2017-10-23 12:58:38] local.ERROR: exception 'Symfony\Component\HttpKernel\Exception\NotFoundHttpException' in /var/www/html/safecoin/vendor/illuminate/routing/RouteCollection.php:179
Stack trace:
#0 /var/www/html/safecoin/vendor/illuminate/routing/Router.php(546): Illuminate\Routing\RouteCollection->match(Object(Illuminate\Http\Request))
#1 /var/www/html/safecoin/vendor/illuminate/routing/Router.php(525): Illuminate\Routing\Router->findRoute(Object(Illuminate\Http\Request))
#2 /var/www/html/safecoin/vendor/illuminate/routing/Router.php(511): Illuminate\Routing\Router->dispatchToRoute(Object(Illuminate\Http\Request))
#3 /var/www/html/safecoin/vendor/illuminate/Foundation/Http/Kernel.php(176): Illuminate\Routing\Router->dispatch(Object(Illuminate\Http\Request))
#4 /var/www/html/safecoin/vendor/illuminate/routing/Pipeline.php(30): Illuminate\Foundation\Http\Kernel->Illuminate\Foundation\Http\{closure}(Object(Illuminate\Http\Request))
#5 /var/www/html/safecoin/vendor/illuminate/Foundation/Http/Middleware/TransformsRequest.php(30): Illuminate\Routing\Pipeline->Illuminate\Routing\{closure}(Object(Illuminate\Http\Request))
#6 /var/www/html/safecoin/vendor/illuminate/pipeline/Pipeline.php(148): Illuminate\Foundation\Http\Middleware\TransformsRequest->handle(Object(Illuminate\Http\Request), Object(Closure))
#7 /var/www/html/safecoin/vendor/illuminate/routing/Pipeline.php(53): Illuminate\Pipeline\Pipeline->Illuminate\Pipeline\{closure}(Object(Illuminate\Http\Request))
#8 /var/www/html/safecoin/vendor/illuminate/Foundation/Http/Middleware/TransformsRequest.php(30): Illuminate\Routing\Pipeline->Illuminate\Routing\{closure}(Object(Illuminate\Http\Request))
#9 /var/www/html/safecoin/vendor/illuminate/pipeline/Pipeline.php(148): Illuminate\Foundation\Http\Middleware\TransformsRequest->handle(Object(Illuminate\Http\Request), Object(Closure))
#10 /var/www/html/safecoin/vendor/illuminate/routing/Pipeline.php(53): Illuminate\Pipeline\Pipeline->Illuminate\Pipeline\{closure}(Object(Illuminate\Http\Request))
#11 /var/www/html/safecoin/vendor/illuminate/Foundation/Http/Middleware/ValidatePostSize.php(27): Illuminate\Routing\Pipeline->Illuminate\Routing\{closure}(Object(Illuminate\Http\Request))
#12 /var/www/html/safecoin/vendor/illuminate/pipeline/Pipeline.php(148): Illuminate\Foundation\Http\Middleware\ValidatePostSize->handle(Object(Illuminate\Http\Request), Object(Closure))
#13 /var/www/html/safecoin/vendor/illuminate/routing/Pipeline.php(53): Illuminate\Pipeline\Pipeline->Illuminate\Pipeline\{closure}(Object(Illuminate\Http\Request))
#14 /var/www/html/safecoin/vendor/illuminate/Foundation/Http/Middleware/CheckForMaintenanceMode.php(46): Illuminate\Routing\Pipeline->Illuminate\Routing\{closure}(Object(Illuminate\Http\Request))
#15 /var/www/html/safecoin/vendor/illuminate/pipeline/Pipeline.php(148): Illuminate\Foundation\Http\Middleware\CheckForMaintenanceMode->handle(Object(Illuminate\Http\Request), Object(Closure))
#16 /var/www/html/safecoin/vendor/illuminate/routing/Pipeline.php(53): Illuminate\Pipeline\Pipeline->Illuminate\Pipeline\{closure}(Object(Illuminate\Http\Request))
#17 /var/www/html/safecoin/vendor/illuminate/pipeline/Pipeline.php(102): Illuminate\Routing\Pipeline->Illuminate\Routing\{closure}(Object(Illuminate\Http\Request))
#18 /var/www/html/safecoin/vendor/illuminate/Foundation/Http/Kernel.php(151): Illuminate\Pipeline\Pipeline->then(Object(Closure))
#19 /var/www/html/safecoin/vendor/illuminate/Foundation/Http/Kernel.php(116): Illuminate\Foundation\Http\Kernel->sendRequestThroughRouter(Object(Illuminate\Http\Request))
#20 /var/www/html/safecoin/test.php(134): Illuminate\Foundation\Http\Kernel->handle(Object(Illuminate\Http\Request))
#21 {main}  
[2017-10-23 13:04:58] local.ERROR: exception 'Symfony\Component\HttpFoundation\Exception\SuspiciousOperationException' with message 'Invalid Host "http://10.107.4.8/safecoin/".' in /var/www/html/safecoin/vendor/symfony/http-foundation/Request.php:1281
Stack trace:
#0 /var/www/html/safecoin/vendor/symfony/http-foundation/Request.php(1089): Symfony\Component\HttpFoundation\Request->getHost()
#1 /var/www/html/safecoin/vendor/symfony/http-foundation/Request.php(1116): Symfony\Component\HttpFoundation\Request->getHttpHost()
#2 /var/www/html/safecoin/vendor/symfony/http-foundation/Request.php(1813): Symfony\Component\HttpFoundation\Request->getSchemeAndHttpHost()
#3 /var/www/html/safecoin/vendor/symfony/http-foundation/Request.php(1100): Symfony\Component\HttpFoundation\Request->prepareRequestUri()
#4 /var/www/html/safecoin/vendor/symfony/http-foundation/Request.php(1865): Symfony\Component\HttpFoundation\Request->getRequestUri()
#5 /var/www/html/safecoin/vendor/symfony/http-foundation/Request.php(983): Symfony\Component\HttpFoundation\Request->prepareBaseUrl()
#6 /var/www/html/safecoin/vendor/symfony/http-foundation/Request.php(1931): Symfony\Component\HttpFoundation\Request->getBaseUrl()
#7 /var/www/html/safecoin/vendor/symfony/http-foundation/Request.php(943): Symfony\Component\HttpFoundation\Request->preparePathInfo()
#8 /var/www/html/safecoin/vendor/illuminate/http/Request.php(138): Symfony\Component\HttpFoundation\Request->getPathInfo()
#9 /var/www/html/safecoin/vendor/illuminate/routing/Matching/UriValidator.php(19): Illuminate\Http\Request->path()
#10 /var/www/html/safecoin/vendor/illuminate/routing/Route.php(259): Illuminate\Routing\Matching\UriValidator->matches(Object(Illuminate\Routing\Route), Object(Illuminate\Http\Request))
#11 /var/www/html/safecoin/vendor/illuminate/routing/RouteCollection.php(193): Illuminate\Routing\Route->matches(Object(Illuminate\Http\Request), true)
#12 [internal function]: Illuminate\Routing\RouteCollection->Illuminate\Routing\{closure}(Object(Illuminate\Routing\Route), 'api/user/logout')
#13 /var/www/html/safecoin/vendor/illuminate/support/Arr.php(175): call_user_func(Object(Closure), Object(Illuminate\Routing\Route), 'api/user/logout')
#14 /var/www/html/safecoin/vendor/illuminate/routing/RouteCollection.php(194): Illuminate\Support\Arr::first(Array, Object(Closure))
#15 /var/www/html/safecoin/vendor/illuminate/routing/RouteCollection.php(164): Illuminate\Routing\RouteCollection->matchAgainstRoutes(Array, Object(Illuminate\Http\Request))
#16 /var/www/html/safecoin/vendor/illuminate/routing/Router.php(546): Illuminate\Routing\RouteCollection->match(Object(Illuminate\Http\Request))
#17 /var/www/html/safecoin/vendor/illuminate/routing/Router.php(525): Illuminate\Routing\Router->findRoute(Object(Illuminate\Http\Request))
#18 /var/www/html/safecoin/vendor/illuminate/routing/Router.php(511): Illuminate\Routing\Router->dispatchToRoute(Object(Illuminate\Http\Request))
#19 /var/www/html/safecoin/vendor/illuminate/Foundation/Http/Kernel.php(176): Illuminate\Routing\Router->dispatch(Object(Illuminate\Http\Request))
#20 /var/www/html/safecoin/vendor/illuminate/routing/Pipeline.php(30): Illuminate\Foundation\Http\Kernel->Illuminate\Foundation\Http\{closure}(Object(Illuminate\Http\Request))
#21 /var/www/html/safecoin/vendor/illuminate/Foundation/Http/Middleware/TransformsRequest.php(30): Illuminate\Routing\Pipeline->Illuminate\Routing\{closure}(Object(Illuminate\Http\Request))
#22 /var/www/html/safecoin/vendor/illuminate/pipeline/Pipeline.php(148): Illuminate\Foundation\Http\Middleware\TransformsRequest->handle(Object(Illuminate\Http\Request), Object(Closure))
#23 /var/www/html/safecoin/vendor/illuminate/routing/Pipeline.php(53): Illuminate\Pipeline\Pipeline->Illuminate\Pipeline\{closure}(Object(Illuminate\Http\Request))
#24 /var/www/html/safecoin/vendor/illuminate/Foundation/Http/Middleware/TransformsRequest.php(30): Illuminate\Routing\Pipeline->Illuminate\Routing\{closure}(Object(Illuminate\Http\Request))
#25 /var/www/html/safecoin/vendor/illuminate/pipeline/Pipeline.php(148): Illuminate\Foundation\Http\Middleware\TransformsRequest->handle(Object(Illuminate\Http\Request), Object(Closure))
#26 /var/www/html/safecoin/vendor/illuminate/routing/Pipeline.php(53): Illuminate\Pipeline\Pipeline->Illuminate\Pipeline\{closure}(Object(Illuminate\Http\Request))
#27 /var/www/html/safecoin/vendor/illuminate/Foundation/Http/Middleware/ValidatePostSize.php(27): Illuminate\Routing\Pipeline->Illuminate\Routing\{closure}(Object(Illuminate\Http\Request))
#28 /var/www/html/safecoin/vendor/illuminate/pipeline/Pipeline.php(148): Illuminate\Foundation\Http\Middleware\ValidatePostSize->handle(Object(Illuminate\Http\Request), Object(Closure))
#29 /var/www/html/safecoin/vendor/illuminate/routing/Pipeline.php(53): Illuminate\Pipeline\Pipeline->Illuminate\Pipeline\{closure}(Object(Illuminate\Http\Request))
#30 /var/www/html/safecoin/vendor/illuminate/Foundation/Http/Middleware/CheckForMaintenanceMode.php(46): Illuminate\Routing\Pipeline->Illuminate\Routing\{closure}(Object(Illuminate\Http\Request))
#31 /var/www/html/safecoin/vendor/illuminate/pipeline/Pipeline.php(148): Illuminate\Foundation\Http\Middleware\CheckForMaintenanceMode->handle(Object(Illuminate\Http\Request), Object(Closure))
#32 /var/www/html/safecoin/vendor/illuminate/routing/Pipeline.php(53): Illuminate\Pipeline\Pipeline->Illuminate\Pipeline\{closure}(Object(Illuminate\Http\Request))
#33 /var/www/html/safecoin/vendor/illuminate/pipeline/Pipeline.php(102): Illuminate\Routing\Pipeline->Illuminate\Routing\{closure}(Object(Illuminate\Http\Request))
#34 /var/www/html/safecoin/vendor/illuminate/Foundation/Http/Kernel.php(151): Illuminate\Pipeline\Pipeline->then(Object(Closure))
#35 /var/www/html/safecoin/vendor/illuminate/Foundation/Http/Kernel.php(116): Illuminate\Foundation\Http\Kernel->sendRequestThroughRouter(Object(Illuminate\Http\Request))
#36 /var/www/html/safecoin/test.php(134): Illuminate\Foundation\Http\Kernel->handle(Object(Illuminate\Http\Request))
#37 {main}  
[2017-10-23 13:05:06] local.ERROR: exception 'Symfony\Component\HttpKernel\Exception\NotFoundHttpException' in /var/www/html/safecoin/vendor/illuminate/routing/RouteCollection.php:179
Stack trace:
#0 /var/www/html/safecoin/vendor/illuminate/routing/Router.php(546): Illuminate\Routing\RouteCollection->match(Object(Illuminate\Http\Request))
#1 /var/www/html/safecoin/vendor/illuminate/routing/Router.php(525): Illuminate\Routing\Router->findRoute(Object(Illuminate\Http\Request))
#2 /var/www/html/safecoin/vendor/illuminate/routing/Router.php(511): Illuminate\Routing\Router->dispatchToRoute(Object(Illuminate\Http\Request))
#3 /var/www/html/safecoin/vendor/illuminate/Foundation/Http/Kernel.php(176): Illuminate\Routing\Router->dispatch(Object(Illuminate\Http\Request))
#4 /var/www/html/safecoin/vendor/illuminate/routing/Pipeline.php(30): Illuminate\Foundation\Http\Kernel->Illuminate\Foundation\Http\{closure}(Object(Illuminate\Http\Request))
#5 /var/www/html/safecoin/vendor/illuminate/Foundation/Http/Middleware/TransformsRequest.php(30): Illuminate\Routing\Pipeline->Illuminate\Routing\{closure}(Object(Illuminate\Http\Request))
#6 /var/www/html/safecoin/vendor/illuminate/pipeline/Pipeline.php(148): Illuminate\Foundation\Http\Middleware\TransformsRequest->handle(Object(Illuminate\Http\Request), Object(Closure))
#7 /var/www/html/safecoin/vendor/illuminate/routing/Pipeline.php(53): Illuminate\Pipeline\Pipeline->Illuminate\Pipeline\{closure}(Object(Illuminate\Http\Request))
#8 /var/www/html/safecoin/vendor/illuminate/Foundation/Http/Middleware/TransformsRequest.php(30): Illuminate\Routing\Pipeline->Illuminate\Routing\{closure}(Object(Illuminate\Http\Request))
#9 /var/www/html/safecoin/vendor/illuminate/pipeline/Pipeline.php(148): Illuminate\Foundation\Http\Middleware\TransformsRequest->handle(Object(Illuminate\Http\Request), Object(Closure))
#10 /var/www/html/safecoin/vendor/illuminate/routing/Pipeline.php(53): Illuminate\Pipeline\Pipeline->Illuminate\Pipeline\{closure}(Object(Illuminate\Http\Request))
#11 /var/www/html/safecoin/vendor/illuminate/Foundation/Http/Middleware/ValidatePostSize.php(27): Illuminate\Routing\Pipeline->Illuminate\Routing\{closure}(Object(Illuminate\Http\Request))
#12 /var/www/html/safecoin/vendor/illuminate/pipeline/Pipeline.php(148): Illuminate\Foundation\Http\Middleware\ValidatePostSize->handle(Object(Illuminate\Http\Request), Object(Closure))
#13 /var/www/html/safecoin/vendor/illuminate/routing/Pipeline.php(53): Illuminate\Pipeline\Pipeline->Illuminate\Pipeline\{closure}(Object(Illuminate\Http\Request))
#14 /var/www/html/safecoin/vendor/illuminate/Foundation/Http/Middleware/CheckForMaintenanceMode.php(46): Illuminate\Routing\Pipeline->Illuminate\Routing\{closure}(Object(Illuminate\Http\Request))
#15 /var/www/html/safecoin/vendor/illuminate/pipeline/Pipeline.php(148): Illuminate\Foundation\Http\Middleware\CheckForMaintenanceMode->handle(Object(Illuminate\Http\Request), Object(Closure))
#16 /var/www/html/safecoin/vendor/illuminate/routing/Pipeline.php(53): Illuminate\Pipeline\Pipeline->Illuminate\Pipeline\{closure}(Object(Illuminate\Http\Request))
#17 /var/www/html/safecoin/vendor/illuminate/pipeline/Pipeline.php(102): Illuminate\Routing\Pipeline->Illuminate\Routing\{closure}(Object(Illuminate\Http\Request))
#18 /var/www/html/safecoin/vendor/illuminate/Foundation/Http/Kernel.php(151): Illuminate\Pipeline\Pipeline->then(Object(Closure))
#19 /var/www/html/safecoin/vendor/illuminate/Foundation/Http/Kernel.php(116): Illuminate\Foundation\Http\Kernel->sendRequestThroughRouter(Object(Illuminate\Http\Request))
#20 /var/www/html/safecoin/test.php(134): Illuminate\Foundation\Http\Kernel->handle(Object(Illuminate\Http\Request))
#21 {main}  
